Arguments: 
  C:\Program Files\nodejs\node.exe C:\Users\visha\AppData\Roaming\npm\node_modules\yarn\bin\yarn.js add gatsby-source-pg

PATH: 
  C:\Program Files\Common Files\Oracle\Java\javapath;C:\Program Files (x86)\Common Files\Intel\Shared Libraries\redist\intel64\compiler;C:\Windows\system32;C:\Windows;C:\Windows\System32\Wbem;C:\Windows\System32\WindowsPowerShell\v1.0\;C:\Windows\System32\OpenSSH\;C:\Program Files (x86)\NVIDIA Corporation\PhysX\Common;C:\WINDOWS\system32;C:\WINDOWS;C:\WINDOWS\System32\Wbem;C:\WINDOWS\System32\WindowsPowerShell\v1.0\;C:\WINDOWS\System32\OpenSSH\;C:\Program Files\NVIDIA Corporation\NVIDIA NvDLISR;C:\Program Files\Git\cmd;C:\MinGW\bin;C:\Program Files\Java\jdk-19\bin;C:\Users\visha\AppData\Roaming\nvm;C:\Program Files\nodejs;C:\Users\visha\AppData\Local\Programs\Python\Python311\Scripts\;C:\Users\visha\AppData\Local\Programs\Python\Python311\;C:\Users\visha\AppData\Roaming\npm;C:\Users\visha\AppData\Local\Programs\Microsoft VS Code\bin;C:\Program Files\Java\jdk-19\bin;C:\Users\visha\AppData\Roaming\nvm;C:\Program Files\nodejs

Yarn version: 
  1.22.19

Node version: 
  20.5.0

Platform: 
  win32 x64

Trace: 
  Error: EPERM: operation not permitted, unlink 'C:\Users\visha\Coding Work\E-commerce Gatsby\node_modules\@lmdb\lmdb-win32-x64\node.napi.node'

npm manifest: 
  {
    "name": "e-commerce-gatsby",
    "version": "1.0.0",
    "private": true,
    "description": "e-commerce-gatsby",
    "author": "Vishal",
    "keywords": [
      "gatsby"
    ],
    "scripts": {
      "develop": "gatsby develop",
      "start": "gatsby develop",
      "build": "gatsby build",
      "serve": "gatsby serve",
      "clean": "gatsby clean",
      "typecheck": "tsc --noEmit"
    },
    "dependencies": {
      "@apollo/client": "^3.8.4",
      "autoprefixer": "^10.4.15",
      "gatsby": "^5.12.4",
      "gatsby-plugin-apollo": "^4.0.3",
      "gatsby-plugin-image": "^3.12.0",
      "gatsby-plugin-postcss": "^6.12.0",
      "gatsby-plugin-sharp": "^5.12.0",
      "gatsby-source-filesystem": "^5.12.0",
      "gatsby-transformer-sharp": "^5.12.0",
      "graphql": "^16.8.1",
      "postcss": "^8.4.29",
      "react": "^18.2.0",
      "react-dom": "^18.2.0",
      "tailwindcss": "^3.3.3"
    },
    "devDependencies": {
      "@types/node": "^20.3.3",
      "@types/react": "^18.2.14",
      "@types/react-dom": "^18.2.6",
      "typescript": "^5.1.6"
    }
  }

yarn manifest: 
  No manifest

Lockfile: 
  No lockfile
